2023-09-20 09:29:58,411 - INFO - For M4 hourly lgbm
2023-09-20 09:29:58,412 - INFO - MSE            All features | GBM Selected | FLBMO Selected | RFE Selected
2023-09-20 09:29:58,412 - INFO - --------------------------------------------------------------------------
2023-09-20 09:29:58,412 - INFO - 3              0.012782079275806608 | 0.012864741611482928 | 0.012849647891194558 | 0.016843065075858282
2023-09-20 09:29:58,412 - INFO - 5              0.012782079275806608 | 0.012632872128577508 | 0.012569145647680994 | 0.012938326652087873
2023-09-20 09:29:58,412 - INFO - 8              0.012782079275806608 | 0.01251983910016782 | 0.012680313247977873 | 0.012669546707199266
2023-09-20 09:29:58,412 - INFO - 12             0.012782079275806608 | 0.012475342496309494 | 0.012512118495451766 | 0.012686577648066471
2023-09-20 10:08:44,978 - INFO - For M4 daily lgbm
2023-09-20 10:08:44,978 - INFO - MSE            All features | GBM Selected | FLBMO Selected | RFE Selected
2023-09-20 10:08:44,978 - INFO - --------------------------------------------------------------------------
2023-09-20 10:08:44,978 - INFO - 3              0.02145151277496279 | 0.017190593903605677 | 0.017161833303318545 | 0.019119958850466235
2023-09-20 10:08:44,978 - INFO - 5              0.02145151277496279 | 0.017352687946076605 | 0.017707833952046757 | 0.017764155064015102
2023-09-20 10:08:44,978 - INFO - 8              0.02145151277496279 | 0.017947882874160912 | 0.01806778929332166 | 0.017603040540950243
2023-09-20 10:08:44,978 - INFO - 12             0.02145151277496279 | 0.018348351633579035 | 0.018426288199414286 | 0.018006841050447944
2023-09-20 12:14:02,857 - INFO - For M4 hourly mlp
2023-09-20 12:14:02,857 - INFO - MSE            All features | GBM Selected | FLBMO Selected
2023-09-20 12:14:02,857 - INFO - -----------------------------------------------------------
2023-09-20 12:14:02,858 - INFO - 3              0.011110225381481698 | 0.010834150048956746 | 0.012038260170983401
2023-09-20 12:14:02,858 - INFO - 5              0.011110225381481698 | 0.009608232137756703 | 0.010415086272121643
2023-09-20 12:14:02,858 - INFO - 8              0.011110225381481698 | 0.010760840630905434 | 0.012342934318349652
2023-09-20 12:14:02,858 - INFO - 12             0.011110225381481698 | 0.01067950032311223 | 0.01181706545005502
2023-09-20 15:03:23,858 - INFO - For M4 daily mlp
2023-09-20 15:03:23,859 - INFO - MSE            All features | GBM Selected | FLBMO Selected
2023-09-20 15:03:23,859 - INFO - -----------------------------------------------------------
2023-09-20 15:03:23,859 - INFO - 3              0.031364589487818895 | 0.022820184295022236 | 0.02966266973381042
2023-09-20 15:03:23,859 - INFO - 5              0.031364589487818895 | 0.02197708152155464 | 0.026041851700196798
2023-09-20 15:03:23,859 - INFO - 8              0.031364589487818895 | 0.02584306754494784 | 0.026646404588630837
2023-09-20 15:03:23,859 - INFO - 12             0.031364589487818895 | 0.025540722872083678 | 0.02919889156069409
