2023-10-03 18:50:57,237 - INFO - For air quality data lgbm
2023-10-03 18:50:57,237 - INFO - MSE            All features | GBM Selected | FLBMO Selected | RFE Selected | MI Selected
2023-10-03 18:50:57,237 - INFO - ----------------------------------------------------------------------------------------
2023-10-03 18:50:57,237 - INFO - 10             0.003746562499839445 | 0.0049018267668274095 | 0.0032899240565813057 | 0.00374664695742324 | 0.0034093984986006114
2023-10-03 18:50:57,237 - INFO - 20             0.003746562499839445 | 0.003678621877979059 | 0.003472476679857466 | 0.0036517540987475584 | 0.0030810677044247536
2023-10-03 18:50:57,237 - INFO - 30             0.003746562499839445 | 0.0038935734533664863 | 0.0029230640649662875 | 0.0034144122112898328 | 0.0029624967401753687
2023-10-03 18:50:57,237 - INFO - 40             0.003746562499839445 | 0.003957635064358817 | 0.0029755799545234294 | 0.0034661235838882257 | 0.003422102097449047
2023-10-03 18:50:57,237 - INFO - 50             0.003746562499839445 | 0.0037059678857988675 | 0.0027620115462884533 | 0.003515006463614556 | 0.0034007231455342136
2023-10-03 18:50:57,237 - INFO - 60             0.003746562499839445 | 0.0033376635432478007 | 0.003033226321793378 | 0.0033057284039142566 | 0.0037931462847235905
2023-10-03 18:50:57,237 - INFO - 70             0.003746562499839445 | 0.003632986316927292 | 0.0030949701640894988 | 0.0033715860986404545 | 0.004229118805484625
2023-10-03 18:50:57,237 - INFO - 80             0.003746562499839445 | 0.0035287674419262737 | 0.002910770551159731 | 0.003612107068012256 | 0.0035466772419924042
2023-10-03 18:50:57,237 - INFO - 90             0.003746562499839445 | 0.003730901660125198 | 0.002796776692164795 | 0.0035128619416056766 | 0.0037279195822848255
2023-10-03 18:50:57,237 - INFO - 100            0.003746562499839445 | 0.003538589975529775 | 0.0028460427722322742 | 0.0035338609946948944 | 0.003847459221536468
2023-10-03 18:50:57,237 - INFO - 110            0.003746562499839445 | 0.003652748771731334 | 0.0030164262134217317 | 0.003668716389326303 | 0.0039426423868147075
2023-10-03 18:50:57,237 - INFO - 120            0.003746562499839445 | 0.0036669899304995575 | 0.00298712585989743 | 0.0034864696848242696 | 0.0036972809773707636
2023-10-04 12:07:43,185 - INFO - For air quality mlp
2023-10-04 12:07:43,186 - INFO - MSE            All features | GBM Selected | FLBMO Selected | MI Selected
2023-10-04 12:07:43,187 - INFO - -------------------------------------------------------------------------
2023-10-04 12:07:43,187 - INFO - 10             0.00784301917413987 | 0.010112499869677655 | 0.00568671098983885 | 0.009915822358274899
2023-10-04 12:07:43,188 - INFO - 20             0.00784301917413987 | 0.0049634089197249055 | 0.004582833374220722 | 0.0036017508849204723
2023-10-04 12:07:43,188 - INFO - 30             0.00784301917413987 | 0.0075872966181170605 | 0.004694836972319253 | 0.003931974261055789
2023-10-04 12:07:43,188 - INFO - 40             0.00784301917413987 | 0.0055317837841366005 | 0.0053576815093289544 | 0.0043665887962104225
2023-10-04 12:07:43,189 - INFO - 50             0.00784301917413987 | 0.005173674957814324 | 0.004868681727117551 | 0.00914280227710786
2023-10-04 12:07:43,189 - INFO - 60             0.00784301917413987 | 0.006913577080919094 | 0.004148388241176906 | 0.0061064977187800795
2023-10-04 12:07:43,189 - INFO - 70             0.00784301917413987 | 0.006601629073705898 | 0.005138253451691606 | 0.008469429197724263
2023-10-04 12:07:43,190 - INFO - 80             0.00784301917413987 | 0.006474980582602196 | 0.005538021241397682 | 0.0064714895444298514
2023-10-04 12:07:43,190 - INFO - 90             0.00784301917413987 | 0.006802407167693892 | 0.005974474947962335 | 0.0076126486122831405
2023-10-04 12:07:43,190 - INFO - 100            0.00784301917413987 | 0.00696720050661427 | 0.05609611866475583 | 0.055774233232589746
2023-10-04 12:07:43,191 - INFO - 110            0.00784301917413987 | 0.005637647850132495 | 0.005220359226946984 | 0.006229898239778618
2023-10-04 12:07:43,191 - INFO - 120            0.00784301917413987 | 0.006195609010861338 | 0.005597367198272619 | 0.008866490429953515
2023-10-04 13:40:14,147 - INFO - For beijing 2.5 data lgbm
2023-10-04 13:40:14,147 - INFO - MSE            All features | GBM Selected | FLBMO Selected | RFE Selected | MI Selected
2023-10-04 13:40:14,147 - INFO - ----------------------------------------------------------------------------------------
2023-10-04 13:40:14,147 - INFO - 10             0.014500505183471346 | 0.016005939243189552 | 0.016385393088644933 | 0.016312368064779127 | 0.02390372396388383
2023-10-04 13:40:14,147 - INFO - 20             0.014500505183471346 | 0.015194529637429734 | 0.014233361791580697 | 0.01547962201429051 | 0.015842704412005016
2023-10-04 13:40:14,147 - INFO - 30             0.014500505183471346 | 0.015175824881412078 | 0.014799712828929893 | 0.014960170035508468 | 0.01551590771012115
2023-10-04 13:40:14,147 - INFO - 40             0.014500505183471346 | 0.014950214903216427 | 0.01448889879358124 | 0.014337477013973112 | 0.016333940688968998
2023-10-04 13:40:14,147 - INFO - 50             0.014500505183471346 | 0.01450315472523465 | 0.01458638126547848 | 0.014350823673749845 | 0.016116896949752803
2023-10-04 13:40:14,147 - INFO - 60             0.014500505183471346 | 0.014327292111432986 | 0.014709536983957914 | 0.014626420679024884 | 0.016207559933560274
2023-10-04 15:17:27,951 - INFO - For beijing 2.5 mlp
2023-10-04 15:17:27,951 - INFO - MSE            All features | GBM Selected | FLBMO Selected | MI Selected
2023-10-04 15:17:27,951 - INFO - -------------------------------------------------------------------------
2023-10-04 15:17:27,951 - INFO - 10             0.01200047383875623 | 0.01566308714245495 | 0.015925048444016102 | 0.02494155447885534
2023-10-04 15:17:27,951 - INFO - 20             0.01200047383875623 | 0.013437798813558128 | 0.014439891104353758 | 0.01424790325614399
2023-10-04 15:17:27,952 - INFO - 30             0.01200047383875623 | 0.012452673335962575 | 0.012767040991189485 | 0.013754002913153858
2023-10-04 15:17:27,952 - INFO - 40             0.01200047383875623 | 0.01164622719859853 | 0.01138652670681517 | 0.013996108111679232
2023-10-04 15:17:27,952 - INFO - 50             0.01200047383875623 | 0.011057938447020677 | 0.012751917973848328 | 0.01473442974104953
2023-10-04 15:17:27,952 - INFO - 60             0.01200047383875623 | 0.011330668074849216 | 0.012626482653829277 | 0.013503734401815341
2023-10-04 16:12:43,271 - INFO - For istanbul stock exchange data lgbm
2023-10-04 16:12:43,271 - INFO - MSE            All features | GBM Selected | FLBMO Selected | RFE Selected | MI Selected
2023-10-04 16:12:43,271 - INFO - ----------------------------------------------------------------------------------------
2023-10-04 16:12:43,271 - INFO - 10             0.01656480267922956 | 0.04688455964914087 | 0.05159890159833959 | 0.04771714275027925 | 0.03444801833419773
2023-10-04 16:12:43,271 - INFO - 20             0.01656480267922956 | 0.044660990752611554 | 0.04730987766190019 | 0.04089328991630653 | 0.037416607201381624
2023-10-04 16:12:43,271 - INFO - 30             0.01656480267922956 | 0.03781578266350485 | 0.044454028885492235 | 0.04075057271550995 | 0.03758416491063148
2023-10-04 16:12:43,271 - INFO - 40             0.01656480267922956 | 0.03919609388480094 | 0.04282403029137043 | 0.034291026372332854 | 0.037753884329745996
2023-10-04 16:12:43,271 - INFO - 50             0.01656480267922956 | 0.034966375336666654 | 0.03953336057661594 | 0.03553645402153761 | 0.036002829346149116
2023-10-04 16:12:43,271 - INFO - 60             0.01656480267922956 | 0.03421793391088912 | 0.04121253864071006 | 0.03199085301723161 | 0.03750760471997608
2023-10-04 16:12:43,271 - INFO - 70             0.01656480267922956 | 0.03624737559809612 | 0.04237195750448614 | 0.034395570925859126 | 0.03855257158164296
2023-10-04 16:16:31,370 - INFO - For istanbul stock exchange mlp
2023-10-04 16:16:31,370 - INFO - MSE            All features | GBM Selected | FLBMO Selected | MI Selected
2023-10-04 16:16:31,370 - INFO - -------------------------------------------------------------------------
2023-10-04 16:16:31,370 - INFO - 10             0.038238269468014806 | 0.05293250442753674 | 0.035533822141071904 | 0.038427573305703726
2023-10-04 16:16:31,370 - INFO - 20             0.038238269468014806 | 0.046786640304220285 | 0.03295408548689888 | 0.03651042238799318
2023-10-04 16:16:31,370 - INFO - 30             0.038238269468014806 | 0.04163889869200891 | 0.03385281680153625 | 0.03524960529963798
2023-10-04 16:16:31,370 - INFO - 40             0.038238269468014806 | 0.04073900390877326 | 0.03593614221576691 | 0.03635839124926546
2023-10-04 16:16:31,371 - INFO - 50             0.038238269468014806 | 0.036649476184400294 | 0.03719800036952025 | 0.036886370575138036
2023-10-04 16:16:31,371 - INFO - 60             0.038238269468014806 | 0.036856989129557184 | 0.037077708985312194 | 0.03777233535221251
2023-10-04 16:16:31,371 - INFO - 70             0.038238269468014806 | 0.034479850401331204 | 0.03524878737026076 | 0.03585479838195705
