2023-09-21 04:52:52,691 - INFO - For M4 hourly lgbm
2023-09-21 04:52:52,691 - INFO - MSE            All features | GBM Selected | FLBMO Selected | RFE Selected
2023-09-21 04:52:52,691 - INFO - --------------------------------------------------------------------------
2023-09-21 04:52:52,691 - INFO - 3              0.010547213591813487 | 0.010856678178695463 | 0.010838226314159727 | 0.015484045514854035
2023-09-21 04:52:52,691 - INFO - 5              0.010547213591813487 | 0.010322989608837506 | 0.010440649803405951 | 0.01151935748229298
2023-09-21 04:52:52,691 - INFO - 8              0.010547213591813487 | 0.010363106941210596 | 0.010482871555327272 | 0.010559827225586597
2023-09-21 05:49:45,104 - INFO - For M4 daily lgbm
2023-09-21 05:49:45,104 - INFO - MSE            All features | GBM Selected | FLBMO Selected | RFE Selected
2023-09-21 05:49:45,104 - INFO - --------------------------------------------------------------------------
2023-09-21 05:49:45,104 - INFO - 3              0.020875435681713794 | 0.01683468817836309 | 0.016641683851278854 | 0.021649140759468232
2023-09-21 05:49:45,105 - INFO - 5              0.020875435681713794 | 0.017122440397797867 | 0.017240670450472773 | 0.01690781850534659
2023-09-21 05:49:45,105 - INFO - 8              0.020875435681713794 | 0.017671267606086883 | 0.017619911302218166 | 0.01722272648014716
2023-09-21 08:35:58,255 - INFO - For M4 hourly mlp
2023-09-21 08:35:58,255 - INFO - MSE            All features | GBM Selected | FLBMO Selected
2023-09-21 08:35:58,255 - INFO - -----------------------------------------------------------
2023-09-21 08:35:58,256 - INFO - 3              0.010418318449898975 | 0.010180985061686085 | 0.01021674507194521
2023-09-21 08:35:58,256 - INFO - 5              0.010418318449898975 | 0.008523371081048918 | 0.009120758541013565
2023-09-21 08:35:58,256 - INFO - 8              0.010418318449898975 | 0.010173432246153849 | 0.010247908466393268
2023-09-21 12:44:36,555 - INFO - For M4 daily mlp
2023-09-21 12:44:36,556 - INFO - MSE            All features | GBM Selected | FLBMO Selected
2023-09-21 12:44:36,556 - INFO - -----------------------------------------------------------
2023-09-21 12:44:36,556 - INFO - 3              0.032693245309176285 | 0.02086784922892666 | 0.02755995101418364
2023-09-21 12:44:36,556 - INFO - 5              0.032693245309176285 | 0.022642235452712014 | 0.026027021669924322
2023-09-21 12:44:36,556 - INFO - 8              0.032693245309176285 | 0.02544228153147579 | 0.02673757243354518
