2023-09-20 22:20:22,443 - INFO - For energy data lgbm
2023-09-20 22:20:22,443 - INFO - MSE            All features | GBM Selected | FLBMO Selected | RFE Selected
2023-09-20 22:20:22,443 - INFO - --------------------------------------------------------------------------
2023-09-20 22:20:22,443 - INFO - 3              0.006222426878826595 | 0.0056548331509590575 | 0.0056548331509590575 | 0.005602438822899521
2023-09-20 22:20:22,443 - INFO - 5              0.006222426878826595 | 0.005695477393797005 | 0.005925395997801114 | 0.005730274289323296
2023-09-20 22:20:22,443 - INFO - 8              0.006222426878826595 | 0.0063592208588596644 | 0.005835069411393763 | 0.006213149804893906
2023-09-20 22:31:38,110 - INFO - For air quality lgbm
2023-09-20 22:31:38,110 - INFO - MSE            All features | GBM Selected | FLBMO Selected | RFE Selected
2023-09-20 22:31:38,110 - INFO - --------------------------------------------------------------------------
2023-09-20 22:31:38,110 - INFO - 3              0.003746562499839445 | 0.0038798938614024517 | 0.0038798938614024517 | 0.0027259248911957064
2023-09-20 22:31:38,110 - INFO - 5              0.003746562499839445 | 0.00501828002362113 | 0.003963323632575575 | 0.0033073780530386244
2023-09-20 22:31:38,110 - INFO - 8              0.003746562499839445 | 0.004763889707083984 | 0.003567376194324337 | 0.003390858839688185
2023-09-21 03:58:15,562 - INFO - For energy data mlp
2023-09-21 03:58:15,562 - INFO - MSE            All features | GBM Selected | FLBMO Selected
2023-09-21 03:58:15,563 - INFO - -----------------------------------------------------------
2023-09-21 03:58:15,563 - INFO - 3              0.007881763301582623 | 0.005786609072183305 | 0.005806493804109164
2023-09-21 03:58:15,563 - INFO - 5              0.007881763301582623 | 0.007631634373493472 | 0.00560562704405572
2023-09-21 03:58:15,563 - INFO - 8              0.007881763301582623 | 0.005506953057603443 | 0.01208233899236461
2023-09-21 04:06:57,085 - INFO - For air quality mlp
2023-09-21 04:06:57,085 - INFO - MSE            All features | GBM Selected | FLBMO Selected
2023-09-21 04:06:57,085 - INFO - -----------------------------------------------------------
2023-09-21 04:06:57,085 - INFO - 3              0.00784301917413987 | 0.003919189386118753 | 0.010862680441257913
2023-09-21 04:06:57,085 - INFO - 5              0.00784301917413987 | 0.008554495572453968 | 0.0072066252804942185
2023-09-21 04:06:57,085 - INFO - 8              0.00784301917413987 | 0.0057247041478958455 | 0.0038343185010999074
